<?xml version="1.0" encoding="UTF-8"?>
<!-- Generated by org.testng.reporters.JUnitXMLReporter -->
<testsuite hostname="DESKTOP-TDPUCCF" ignored="0" name="Test1" tests="5" failures="1" timestamp="2021-11-21T19:10:47 IST" time="73.099" errors="0">
  <testcase name="Flight_TC_01" time="19.287" classname="TestScript.Searching"/>
  <testcase name="Flight_TC_02" time="8.232" classname="TestScript.Searching"/>
  <testcase name="Flight_TC_03" time="10.715" classname="TestScript.Searching"/>
  <testcase name="Flight_TC_04" time="10.626" classname="TestScript.Searching"/>
  <testcase name="Flight_TC_05" time="8.688" classname="TestScript.Searching">
    <failure type="java.lang.AssertionError" message="expected [Enter valid origin city] but found [Enter valid  city]">
      <![CDATA[java.lang.AssertionError: expected [Enter valid origin city] but found [Enter valid  city]
at TestScript.Searching.Flight_TC_05(Searching.java:208)
at java.util.ArrayList.forEach(Unknown Source)
... Removed 33 stack frames]]>
    </failure>
  </testcase> <!-- Flight_TC_05 -->
</testsuite> <!-- Test1 -->
