<?xml version="1.0" encoding="UTF-8"?>
<!-- Generated by org.testng.reporters.JUnitXMLReporter -->
<testsuite hostname="DESKTOP-TDPUCCF" ignored="0" name="Test2" tests="7" failures="0" timestamp="2021-11-21T19:15:20 IST" time="272.523" errors="0">
  <testcase name="Book_TC_04" time="41.172" classname="TestScript.Booking4"/>
  <testcase name="Book_TC_02" time="24.411" classname="TestScript.Booking4"/>
  <testcase name="Book_Tc_03" time="23.964" classname="TestScript.Booking4"/>
  <testcase name="Book_TC_05" time="34.565" classname="TestScript.Booking4"/>
  <testcase name="Book_TC_06" time="46.63" classname="TestScript.Booking4"/>
  <testcase name="Book_TC_07" time="44.652" classname="TestScript.Booking4"/>
  <testcase name="Book_TC_08" time="45.107" classname="TestScript.Booking4"/>
</testsuite> <!-- Test2 -->
